Added Component: Designator=A1(SOIC127P1030X265-16N)
Added Component: Designator=A2(SOIC127P1030X265-16N)
Added Component: Designator=C1(C_0805)
Added Component: Designator=C2(C_0805)
Added Component: Designator=C3(C_0805)
Added Component: Designator=C4(C_1206)
Added Component: Designator=C5(C_1206)
Added Component: Designator=C6(C_12.5x5)
Added Component: Designator=C8(C_10x5)
Added Component: Designator=C9(C_10x5)
Added Component: Designator=C10(C_1206)
Added Component: Designator=C11(C_10x5)
Added Component: Designator=C12(C_1206)
Added Component: Designator=DA1(SOIC254P1000X400-4N)
Added Component: Designator=DA2(SOIC254P1000X400-4N)
Added Component: Designator=DA3(SOIC254P1000X400-4N)
Added Component: Designator=DA4(SOIC254P1000X400-4N)
Added Component: Designator=DA5(SOIC254P1000X400-4N)
Added Component: Designator=DA6(SOIC254P1000X400-4N)
Added Component: Designator=DA7(SOIC254P1000X400-4N)
Added Component: Designator=DA8(SOIC254P1000X400-4N)
Added Component: Designator=DA9(SOIC254P1000X400-4N)
Added Component: Designator=DA10(SOIC254P1000X400-4N)
Added Component: Designator=DD1(LM2596)
Added Component: Designator=DD2(LM2596)
Added Component: Designator=J1(SAMTEC_USB-B-S-X-X-TH)
Added Component: Designator=KN1(TS-A2PG-130)
Added Component: Designator=Q1(DPAK254P1524X483-3N)
Added Component: Designator=Q2(DPAK254P1524X483-3N)
Added Component: Designator=Q3(DPAK254P1524X483-3N)
Added Component: Designator=Q4(DPAK254P1524X483-3N)
Added Component: Designator=Q5(DPAK254P1524X483-3N)
Added Component: Designator=R1(R_1206)
Added Component: Designator=R2(R_1206)
Added Component: Designator=R3(R_1206)
Added Component: Designator=R4(R_1206)
Added Component: Designator=R5(R_1206)
Added Component: Designator=R6(R_1206)
Added Component: Designator=R7(R_1206)
Added Component: Designator=R8(R_1206)
Added Component: Designator=R9(R_1206)
Added Component: Designator=R10(R_1206)
Added Component: Designator=R11(R_1206)
Added Component: Designator=R12(R_1206)
Added Component: Designator=R13(R_1206)
Added Component: Designator=R14(R_1206)
Added Component: Designator=R15(R_1206)
Added Component: Designator=R16(R_1206)
Added Component: Designator=R17(R_1206)
Added Component: Designator=R18(R_1206)
Added Component: Designator=R19(R_1206)
Added Component: Designator=R20(R_1206)
Added Component: Designator=R21(R_1206)
Added Component: Designator=R22(R_1206)
Added Component: Designator=R23(R_1206)
Added Component: Designator=R24(R_1206)
Added Component: Designator=R25(R_1206)
Added Component: Designator=R26(R_1206)
Added Component: Designator=R27(R_1206)
Added Component: Designator=R28(R_1206)
Added Component: Designator=R29(R_1206)
Added Component: Designator=R30(R_1206)
Added Component: Designator=R31(R_1206)
Added Component: Designator=R32(R_1206)
Added Component: Designator=R33(R_1206)
Added Component: Designator=R34(R_1206)
Added Component: Designator=R35(R_1206)
Added Component: Designator=R36(R_1206)
Added Component: Designator=R37(R_1206)
Added Component: Designator=R38(R_1206)
Added Component: Designator=R39(R_1206)
Added Component: Designator=R40(R_1206)
Added Component: Designator=R41(R_1206)
Added Component: Designator=R42(R_1206)
Added Component: Designator=R43(R_1206)
Added Component: Designator=R44(R_1206)
Added Component: Designator=R45(R_1206)
Added Component: Designator=R48(R_1206)
Added Component: Designator=R49(R_1206)
Added Component: Designator=R50(R_1206)
Added Component: Designator=R51(R_1206)
Added Component: Designator=R52(R_1206)
Added Component: Designator=R53(R_1206)
Added Component: Designator=R54(R_1206)
Added Component: Designator=R55(R_1206)
Added Component: Designator=R56(R_1206)
Added Component: Designator=R57(R_1206)
Added Component: Designator=R58(R_1206)
Added Component: Designator=R59(R_1206)
Added Component: Designator=R60(R_1206)
Added Component: Designator=R61(R_1206)
Added Component: Designator=R62(R_1206)
Added Component: Designator=R63(R_1206)
Added Component: Designator=R64(R_1206)
Added Component: Designator=R65(R_1206)
Added Component: Designator=R66(R_1206)
Added Component: Designator=U1(SOIC8)
Added Component: Designator=U2(SO08)
Added Component: Designator=U3(MODULE_ZC323000)
Added Component: Designator=VD1(SOD-123)
Added Component: Designator=VD2(SOD-123)
Added Component: Designator=VD3(SOD-123)
Added Component: Designator=VD4(SOD-123)
Added Component: Designator=VD5(SOD-123)
Added Component: Designator=VD6(SOD-123)
Added Component: Designator=VD7(SOD-123)
Added Component: Designator=VD8(SOD-123)
Added Component: Designator=VD9(SOD-123)
Added Component: Designator=VD10(SOD-123)
Added Component: Designator=VD11(SOD-123)
Added Component: Designator=VD12(SOD-123)
Added Component: Designator=VD13(SOD-123)
Added Component: Designator=VD14(SOD-123)
Added Component: Designator=VD15(SMA (DO-214AC))
Added Component: Designator=VD16(SMA (DO-214AC))
Added Component: Designator=VD17(DL-35)
Added Component: Designator=VD18(DL-35)
Added Component: Designator=VD19(SMA (DO-214AC))
Added Component: Designator=VD20(SMA (DO-214AC))
Added Component: Designator=VD21(SMA (DO-214AC))
Added Component: Designator=VD22(DL-35)
Added Component: Designator=VD23(DL-35)
Added Component: Designator=VD24(DL-35)
Added Component: Designator=VT1(SOT23)
Added Component: Designator=VT2(SOT23)
Added Component: Designator=VT3(SOT23)
Added Component: Designator=VT4(SOT23)
Added Component: Designator=VT5(SOT23)
Added Component: Designator=VT6(SOT23)
Added Component: Designator=VT7(SOT23)
Added Component: Designator=VT8(SOT23)
Added Component: Designator=VT9(SOT23)
Added Component: Designator=VT10(SOT23)
Added Component: Designator=VT11(SOT23)
Added Component: Designator=VT12(SOT23)
Added Component: Designator=VT13(SOT23)
Added Component: Designator=VT14(SOT23)
Added Component: Designator=X1(DG508V-02)
Added Component: Designator=X2(DG508V-02)
Added Component: Designator=X3(DG508V-02)
Added Component: Designator=X4(DG508V-02)
Added Component: Designator=X5(DG508V-02)
Added Component: Designator=X6(DG508V-02)
Added Component: Designator=X7(DG508V-02)
Added Component: Designator=X8(DG508V-02)
Added Component: Designator=X9(DG508V-02)
Added Component: Designator=X10(300-031-12)
Added Component: Designator=X11(300-031-12)
Added Component: Designator=X12(300-031-12)
Added Component: Designator=X13(300-031-12)
Added Component: Designator=X14(300-031-12)
Added Component: Designator=X15(DG508V-02)
Added Component: Designator=X16(DG508V-02)
Added Component: Designator=X17(DG508V-02)
Added Component: Designator=X18(DG508V-02)
Added Component: Designator=X19(DG508V-02)
Added Component: Designator=X20(DG508V-02)
Added Component: Designator=X21(DG508V-02)
Added Component: Designator=X22(DG508V-02)
Added Component: Designator=X23(DG508V-02)
Added Component: Designator=X24(DG508V-02)
Added Component: Designator=X25(DG508V-02)
Added Component: Designator=X26(DG508V-02)
Added Component: Designator=X27(DG508V-02)
Added Component: Designator=X28(DG508V-02)
Added Component: Designator=X29(DG508V-02)
Added Component: Designator=X30(DG508V-02)
Added Component: Designator=X31(DG508V-02)
Added Component: Designator=X32(DG508V-02)
Added Component: Designator=X33(DG508V-02)
Added Component: Designator=X34(DG508V-02)
Added Component: Designator=X35(DG508V-02)
Added Component: Designator=X36(DG508V-02)
Added Pin To Net: NetName=3V Pin=A1-1
Added Pin To Net: NetName=3V Pin=A1-2
Added Pin To Net: NetName=3V Pin=A1-16
Added Pin To Net: NetName=3V Pin=A2-1
Added Pin To Net: NetName=3V Pin=A2-16
Added Pin To Net: NetName=3V Pin=C1-1
Added Pin To Net: NetName=3V Pin=C2-1
Added Pin To Net: NetName=3V Pin=C3-1
Added Pin To Net: NetName=3V Pin=C11-1
Added Pin To Net: NetName=3V Pin=C12-1
Added Pin To Net: NetName=3V Pin=DD2-5
Added Pin To Net: NetName=3V Pin=DD2-6
Added Pin To Net: NetName=3V Pin=R52-1
Added Pin To Net: NetName=3V Pin=R53-1
Added Pin To Net: NetName=3V Pin=R58-1
Added Pin To Net: NetName=3V Pin=R59-1
Added Pin To Net: NetName=3V Pin=R62-1
Added Pin To Net: NetName=3V Pin=U1-8
Added Net: Name=3V
Added Pin To Net: NetName=5V Pin=C4-1
Added Pin To Net: NetName=5V Pin=C9-1
Added Pin To Net: NetName=5V Pin=C10-1
Added Pin To Net: NetName=5V Pin=DD1-5
Added Pin To Net: NetName=5V Pin=DD1-6
Added Pin To Net: NetName=5V Pin=J1-1
Added Pin To Net: NetName=5V Pin=R36-1
Added Pin To Net: NetName=5V Pin=R37-1
Added Pin To Net: NetName=5V Pin=R39-1
Added Pin To Net: NetName=5V Pin=R40-1
Added Pin To Net: NetName=5V Pin=R41-1
Added Pin To Net: NetName=5V Pin=R42-1
Added Pin To Net: NetName=5V Pin=R44-1
Added Pin To Net: NetName=5V Pin=R45-1
Added Pin To Net: NetName=5V Pin=R48-1
Added Pin To Net: NetName=5V Pin=R49-1
Added Pin To Net: NetName=5V Pin=R50-1
Added Pin To Net: NetName=5V Pin=R51-1
Added Pin To Net: NetName=5V Pin=U2-8
Added Pin To Net: NetName=5V Pin=VD14-A
Added Pin To Net: NetName=5V Pin=X15-1
Added Pin To Net: NetName=5V Pin=X16-1
Added Pin To Net: NetName=5V Pin=X17-1
Added Pin To Net: NetName=5V Pin=X18-1
Added Pin To Net: NetName=5V Pin=X19-1
Added Pin To Net: NetName=5V Pin=X20-1
Added Pin To Net: NetName=5V Pin=X21-1
Added Pin To Net: NetName=5V Pin=X22-1
Added Pin To Net: NetName=5V Pin=X23-1
Added Net: Name=5V
Added Pin To Net: NetName=GND Pin=A1-3
Added Pin To Net: NetName=GND Pin=A1-8
Added Pin To Net: NetName=GND Pin=A2-2
Added Pin To Net: NetName=GND Pin=A2-3
Added Pin To Net: NetName=GND Pin=A2-8
Added Pin To Net: NetName=GND Pin=C1-2
Added Pin To Net: NetName=GND Pin=C2-2
Added Pin To Net: NetName=GND Pin=C3-2
Added Pin To Net: NetName=GND Pin=C4-2
Added Pin To Net: NetName=GND Pin=C5-2
Added Pin To Net: NetName=GND Pin=C6-2
Added Pin To Net: NetName=GND Pin=C8-2
Added Pin To Net: NetName=GND Pin=C9-2
Added Pin To Net: NetName=GND Pin=C10-2
Added Pin To Net: NetName=GND Pin=C11-2
Added Pin To Net: NetName=GND Pin=C12-2
Added Pin To Net: NetName=GND Pin=DA1-3
Added Pin To Net: NetName=GND Pin=DA2-2
Added Pin To Net: NetName=GND Pin=DA3-3
Added Pin To Net: NetName=GND Pin=DA4-2
Added Pin To Net: NetName=GND Pin=DA5-3
Added Pin To Net: NetName=GND Pin=DD1-3
Added Pin To Net: NetName=GND Pin=DD1-4
Added Pin To Net: NetName=GND Pin=DD1-7
Added Pin To Net: NetName=GND Pin=DD1-8
Added Pin To Net: NetName=GND Pin=DD2-3
Added Pin To Net: NetName=GND Pin=DD2-4
Added Pin To Net: NetName=GND Pin=DD2-7
Added Pin To Net: NetName=GND Pin=DD2-8
Added Pin To Net: NetName=GND Pin=J1-4
Added Pin To Net: NetName=GND Pin=J1-S1
Added Pin To Net: NetName=GND Pin=J1-S2
Added Pin To Net: NetName=GND Pin=KN1-1
Added Pin To Net: NetName=GND Pin=KN1-2
Added Pin To Net: NetName=GND Pin=Q1-3
Added Pin To Net: NetName=GND Pin=Q2-3
Added Pin To Net: NetName=GND Pin=Q3-3
Added Pin To Net: NetName=GND Pin=Q4-3
Added Pin To Net: NetName=GND Pin=Q5-3
Added Pin To Net: NetName=GND Pin=R6-2
Added Pin To Net: NetName=GND Pin=R43-1
Added Pin To Net: NetName=GND Pin=R56-1
Added Pin To Net: NetName=GND Pin=R57-1
Added Pin To Net: NetName=GND Pin=R63-1
Added Pin To Net: NetName=GND Pin=R64-1
Added Pin To Net: NetName=GND Pin=R66-1
Added Pin To Net: NetName=GND Pin=U1-1
Added Pin To Net: NetName=GND Pin=U1-2
Added Pin To Net: NetName=GND Pin=U1-3
Added Pin To Net: NetName=GND Pin=U1-4
Added Pin To Net: NetName=GND Pin=U1-7
Added Pin To Net: NetName=GND Pin=U2-5
Added Pin To Net: NetName=GND Pin=U3-19
Added Pin To Net: NetName=GND Pin=U3-20
Added Pin To Net: NetName=GND Pin=U3-39
Added Pin To Net: NetName=GND Pin=VD17-1
Added Pin To Net: NetName=GND Pin=VD18-1
Added Pin To Net: NetName=GND Pin=VD22-1
Added Pin To Net: NetName=GND Pin=VD23-1
Added Pin To Net: NetName=GND Pin=VD24-1
Added Pin To Net: NetName=GND Pin=VT1-2
Added Pin To Net: NetName=GND Pin=VT2-2
Added Pin To Net: NetName=GND Pin=VT3-2
Added Pin To Net: NetName=GND Pin=VT4-2
Added Pin To Net: NetName=GND Pin=VT5-2
Added Pin To Net: NetName=GND Pin=VT6-2
Added Pin To Net: NetName=GND Pin=VT7-2
Added Pin To Net: NetName=GND Pin=VT8-2
Added Pin To Net: NetName=GND Pin=VT9-2
Added Pin To Net: NetName=GND Pin=VT10-2
Added Pin To Net: NetName=GND Pin=VT11-2
Added Pin To Net: NetName=GND Pin=VT12-2
Added Pin To Net: NetName=GND Pin=VT13-2
Added Pin To Net: NetName=GND Pin=VT14-2
Added Pin To Net: NetName=GND Pin=X15-2
Added Pin To Net: NetName=GND Pin=X16-2
Added Pin To Net: NetName=GND Pin=X18-2
Added Pin To Net: NetName=GND Pin=X19-2
Added Pin To Net: NetName=GND Pin=X20-2
Added Pin To Net: NetName=GND Pin=X21-2
Added Pin To Net: NetName=GND Pin=X22-2
Added Pin To Net: NetName=GND Pin=X23-2
Added Pin To Net: NetName=GND Pin=X24-2
Added Pin To Net: NetName=GND Pin=X25-2
Added Pin To Net: NetName=GND Pin=X27-2
Added Pin To Net: NetName=GND Pin=X28-2
Added Pin To Net: NetName=GND Pin=X30-2
Added Pin To Net: NetName=GND Pin=X33-2
Added Net: Name=GND
Added Pin To Net: NetName=NetA1_4 Pin=A1-4
Added Pin To Net: NetName=NetA1_4 Pin=X4-1
Added Net: Name=NetA1_4
Added Pin To Net: NetName=NetA1_5 Pin=A1-5
Added Pin To Net: NetName=NetA1_5 Pin=X4-2
Added Net: Name=NetA1_5
Added Pin To Net: NetName=NetA1_6 Pin=A1-6
Added Pin To Net: NetName=NetA1_6 Pin=X3-1
Added Net: Name=NetA1_6
Added Pin To Net: NetName=NetA1_7 Pin=A1-7
Added Pin To Net: NetName=NetA1_7 Pin=X3-2
Added Net: Name=NetA1_7
Added Pin To Net: NetName=NetA1_9 Pin=A1-9
Added Pin To Net: NetName=NetA1_9 Pin=X1-2
Added Net: Name=NetA1_9
Added Pin To Net: NetName=NetA1_10 Pin=A1-10
Added Pin To Net: NetName=NetA1_10 Pin=X1-1
Added Net: Name=NetA1_10
Added Pin To Net: NetName=NetA1_11 Pin=A1-11
Added Pin To Net: NetName=NetA1_11 Pin=X2-1
Added Net: Name=NetA1_11
Added Pin To Net: NetName=NetA1_12 Pin=A1-12
Added Pin To Net: NetName=NetA1_12 Pin=X2-2
Added Net: Name=NetA1_12
Added Pin To Net: NetName=NetA1_14 Pin=A1-14
Added Pin To Net: NetName=NetA1_14 Pin=A2-14
Added Pin To Net: NetName=NetA1_14 Pin=R41-2
Added Pin To Net: NetName=NetA1_14 Pin=U1-6
Added Pin To Net: NetName=NetA1_14 Pin=U3-36
Added Pin To Net: NetName=NetA1_14 Pin=X26-1
Added Net: Name=NetA1_14
Added Pin To Net: NetName=NetA1_15 Pin=A1-15
Added Pin To Net: NetName=NetA1_15 Pin=A2-15
Added Pin To Net: NetName=NetA1_15 Pin=R42-2
Added Pin To Net: NetName=NetA1_15 Pin=U1-5
Added Pin To Net: NetName=NetA1_15 Pin=U3-37
Added Pin To Net: NetName=NetA1_15 Pin=X26-2
Added Net: Name=NetA1_15
Added Pin To Net: NetName=NetA2_4 Pin=A2-4
Added Pin To Net: NetName=NetA2_4 Pin=X9-1
Added Net: Name=NetA2_4
Added Pin To Net: NetName=NetA2_5 Pin=A2-5
Added Pin To Net: NetName=NetA2_5 Pin=X9-2
Added Net: Name=NetA2_5
Added Pin To Net: NetName=NetA2_6 Pin=A2-6
Added Pin To Net: NetName=NetA2_6 Pin=X8-1
Added Net: Name=NetA2_6
Added Pin To Net: NetName=NetA2_7 Pin=A2-7
Added Pin To Net: NetName=NetA2_7 Pin=X8-2
Added Net: Name=NetA2_7
Added Pin To Net: NetName=NetA2_9 Pin=A2-9
Added Pin To Net: NetName=NetA2_9 Pin=X6-2
Added Net: Name=NetA2_9
Added Pin To Net: NetName=NetA2_10 Pin=A2-10
Added Pin To Net: NetName=NetA2_10 Pin=X6-1
Added Net: Name=NetA2_10
Added Pin To Net: NetName=NetA2_11 Pin=A2-11
Added Pin To Net: NetName=NetA2_11 Pin=X7-2
Added Net: Name=NetA2_11
Added Pin To Net: NetName=NetA2_12 Pin=A2-12
Added Pin To Net: NetName=NetA2_12 Pin=X7-1
Added Net: Name=NetA2_12
Added Pin To Net: NetName=NetC5_1 Pin=C5-1
Added Pin To Net: NetName=NetC5_1 Pin=U2-6
Added Net: Name=NetC5_1
Added Pin To Net: NetName=NetC6_1 Pin=C6-1
Added Pin To Net: NetName=NetC6_1 Pin=U3-38
Added Pin To Net: NetName=NetC6_1 Pin=VD14-K
Added Net: Name=NetC6_1
Added Pin To Net: NetName=NetDA1_1 Pin=DA1-1
Added Pin To Net: NetName=NetDA1_1 Pin=R36-2
Added Net: Name=NetDA1_1
Added Pin To Net: NetName=NetDA1_2 Pin=DA1-2
Added Pin To Net: NetName=NetDA1_2 Pin=X24-1
Added Net: Name=NetDA1_2
Added Pin To Net: NetName=NetDA1_4 Pin=DA1-4
Added Pin To Net: NetName=NetDA1_4 Pin=R37-2
Added Pin To Net: NetName=NetDA1_4 Pin=U3-7
Added Net: Name=NetDA1_4
Added Pin To Net: NetName=NetDA2_1 Pin=DA2-1
Added Pin To Net: NetName=NetDA2_1 Pin=R38-2
Added Pin To Net: NetName=NetDA2_1 Pin=U3-30
Added Net: Name=NetDA2_1
Added Pin To Net: NetName=NetDA2_3 Pin=DA2-3
Added Pin To Net: NetName=NetDA2_3 Pin=X25-1
Added Net: Name=NetDA2_3
Added Pin To Net: NetName=NetDA2_4 Pin=DA2-4
Added Pin To Net: NetName=NetDA2_4 Pin=R39-2
Added Net: Name=NetDA2_4
Added Pin To Net: NetName=NetDA3_1 Pin=DA3-1
Added Pin To Net: NetName=NetDA3_1 Pin=R44-2
Added Net: Name=NetDA3_1
Added Pin To Net: NetName=NetDA3_4 Pin=DA3-4
Added Pin To Net: NetName=NetDA3_4 Pin=R45-2
Added Pin To Net: NetName=NetDA3_4 Pin=U3-33
Added Net: Name=NetDA3_4
Added Pin To Net: NetName=NetDA4_1 Pin=DA4-1
Added Pin To Net: NetName=NetDA4_1 Pin=R48-2
Added Pin To Net: NetName=NetDA4_1 Pin=U3-2
Added Net: Name=NetDA4_1
Added Pin To Net: NetName=NetDA4_3 Pin=DA4-3
Added Pin To Net: NetName=NetDA4_3 Pin=X28-1
Added Net: Name=NetDA4_3
Added Pin To Net: NetName=NetDA4_4 Pin=DA4-4
Added Pin To Net: NetName=NetDA4_4 Pin=R49-2
Added Net: Name=NetDA4_4
Added Pin To Net: NetName=NetDA5_1 Pin=DA5-1
Added Pin To Net: NetName=NetDA5_1 Pin=R50-2
Added Net: Name=NetDA5_1
Added Pin To Net: NetName=NetDA5_2 Pin=DA5-2
Added Pin To Net: NetName=NetDA5_2 Pin=X30-1
Added Net: Name=NetDA5_2
Added Pin To Net: NetName=NetDA5_4 Pin=DA5-4
Added Pin To Net: NetName=NetDA5_4 Pin=R51-2
Added Pin To Net: NetName=NetDA5_4 Pin=U3-3
Added Net: Name=NetDA5_4
Added Pin To Net: NetName=NetDA6_1 Pin=DA6-1
Added Pin To Net: NetName=NetDA6_1 Pin=R52-2
Added Net: Name=NetDA6_1
Added Pin To Net: NetName=NetDA6_2 Pin=DA6-2
Added Pin To Net: NetName=NetDA6_2 Pin=U3-10
Added Net: Name=NetDA6_2
Added Pin To Net: NetName=NetDA6_3 Pin=DA6-3
Added Pin To Net: NetName=NetDA6_3 Pin=R54-2
Added Net: Name=NetDA6_3
Added Pin To Net: NetName=NetDA7_1 Pin=DA7-1
Added Pin To Net: NetName=NetDA7_1 Pin=R53-2
Added Net: Name=NetDA7_1
Added Pin To Net: NetName=NetDA7_2 Pin=DA7-2
Added Pin To Net: NetName=NetDA7_2 Pin=U3-11
Added Net: Name=NetDA7_2
Added Pin To Net: NetName=NetDA7_3 Pin=DA7-3
Added Pin To Net: NetName=NetDA7_3 Pin=R55-2
Added Net: Name=NetDA7_3
Added Pin To Net: NetName=NetDA8_1 Pin=DA8-1
Added Pin To Net: NetName=NetDA8_1 Pin=R58-2
Added Net: Name=NetDA8_1
Added Pin To Net: NetName=NetDA8_2 Pin=DA8-2
Added Pin To Net: NetName=NetDA8_2 Pin=U3-9
Added Net: Name=NetDA8_2
Added Pin To Net: NetName=NetDA8_3 Pin=DA8-3
Added Pin To Net: NetName=NetDA8_3 Pin=R60-2
Added Net: Name=NetDA8_3
Added Pin To Net: NetName=NetDA9_1 Pin=DA9-1
Added Pin To Net: NetName=NetDA9_1 Pin=R59-2
Added Net: Name=NetDA9_1
Added Pin To Net: NetName=NetDA9_2 Pin=DA9-2
Added Pin To Net: NetName=NetDA9_2 Pin=U3-12
Added Net: Name=NetDA9_2
Added Pin To Net: NetName=NetDA9_3 Pin=DA9-3
Added Pin To Net: NetName=NetDA9_3 Pin=R61-2
Added Net: Name=NetDA9_3
Added Pin To Net: NetName=NetDA10_1 Pin=DA10-1
Added Pin To Net: NetName=NetDA10_1 Pin=R62-2
Added Net: Name=NetDA10_1
Added Pin To Net: NetName=NetDA10_2 Pin=DA10-2
Added Pin To Net: NetName=NetDA10_2 Pin=U3-31
Added Net: Name=NetDA10_2
Added Pin To Net: NetName=NetDA10_3 Pin=DA10-3
Added Pin To Net: NetName=NetDA10_3 Pin=R65-2
Added Net: Name=NetDA10_3
Added Pin To Net: NetName=NetJ1_2 Pin=J1-2
Added Pin To Net: NetName=NetJ1_2 Pin=R1-2
Added Net: Name=NetJ1_2
Added Pin To Net: NetName=NetJ1_3 Pin=J1-3
Added Pin To Net: NetName=NetJ1_3 Pin=R2-2
Added Pin To Net: NetName=NetJ1_3 Pin=R3-1
Added Net: Name=NetJ1_3
Added Pin To Net: NetName=NetKN1_3 Pin=KN1-3
Added Pin To Net: NetName=NetKN1_3 Pin=KN1-4
Added Pin To Net: NetName=NetKN1_3 Pin=U3-17
Added Net: Name=NetKN1_3
Added Pin To Net: NetName=NetQ1_1 Pin=Q1-1
Added Pin To Net: NetName=NetQ1_1 Pin=R54-1
Added Pin To Net: NetName=NetQ1_1 Pin=R56-2
Added Pin To Net: NetName=NetQ1_1 Pin=VD17-2
Added Net: Name=NetQ1_1
Added Pin To Net: NetName=NetQ1_2 Pin=Q1-2
Added Pin To Net: NetName=NetQ1_2 Pin=VD15-A
Added Pin To Net: NetName=NetQ1_2 Pin=X31-2
Added Net: Name=NetQ1_2
Added Pin To Net: NetName=NetQ2_1 Pin=Q2-1
Added Pin To Net: NetName=NetQ2_1 Pin=R55-1
Added Pin To Net: NetName=NetQ2_1 Pin=R57-2
Added Pin To Net: NetName=NetQ2_1 Pin=VD18-2
Added Net: Name=NetQ2_1
Added Pin To Net: NetName=NetQ2_2 Pin=Q2-2
Added Pin To Net: NetName=NetQ2_2 Pin=VD16-A
Added Pin To Net: NetName=NetQ2_2 Pin=X32-2
Added Net: Name=NetQ2_2
Added Pin To Net: NetName=NetQ3_1 Pin=Q3-1
Added Pin To Net: NetName=NetQ3_1 Pin=R60-1
Added Pin To Net: NetName=NetQ3_1 Pin=R63-2
Added Pin To Net: NetName=NetQ3_1 Pin=VD22-2
Added Net: Name=NetQ3_1
Added Pin To Net: NetName=NetQ3_2 Pin=Q3-2
Added Pin To Net: NetName=NetQ3_2 Pin=VD19-A
Added Pin To Net: NetName=NetQ3_2 Pin=X34-2
Added Net: Name=NetQ3_2
Added Pin To Net: NetName=NetQ4_1 Pin=Q4-1
Added Pin To Net: NetName=NetQ4_1 Pin=R61-1
Added Pin To Net: NetName=NetQ4_1 Pin=R64-2
Added Pin To Net: NetName=NetQ4_1 Pin=VD23-2
Added Net: Name=NetQ4_1
Added Pin To Net: NetName=NetQ4_2 Pin=Q4-2
Added Pin To Net: NetName=NetQ4_2 Pin=VD20-A
Added Pin To Net: NetName=NetQ4_2 Pin=X35-2
Added Net: Name=NetQ4_2
Added Pin To Net: NetName=NetQ5_1 Pin=Q5-1
Added Pin To Net: NetName=NetQ5_1 Pin=R65-1
Added Pin To Net: NetName=NetQ5_1 Pin=R66-2
Added Pin To Net: NetName=NetQ5_1 Pin=VD24-2
Added Net: Name=NetQ5_1
Added Pin To Net: NetName=NetQ5_2 Pin=Q5-2
Added Pin To Net: NetName=NetQ5_2 Pin=VD21-A
Added Pin To Net: NetName=NetQ5_2 Pin=X36-2
Added Net: Name=NetQ5_2
Added Pin To Net: NetName=NetR1_1 Pin=R1-1
Added Pin To Net: NetName=NetR1_1 Pin=U3-28
Added Net: Name=NetR1_1
Added Pin To Net: NetName=NetR2_1 Pin=R2-1
Added Pin To Net: NetName=NetR2_1 Pin=U3-29
Added Net: Name=NetR2_1
Added Pin To Net: NetName=NetR3_2 Pin=R3-2
Added Pin To Net: NetName=NetR3_2 Pin=VT1-3
Added Net: Name=NetR3_2
Added Pin To Net: NetName=NetR4_1 Pin=R4-1
Added Pin To Net: NetName=NetR4_1 Pin=U3-4
Added Net: Name=NetR4_1
Added Pin To Net: NetName=NetR4_2 Pin=R4-2
Added Pin To Net: NetName=NetR4_2 Pin=VT1-1
Added Net: Name=NetR4_2
Added Pin To Net: NetName=NetR5_1 Pin=R5-1
Added Pin To Net: NetName=NetR5_1 Pin=U2-7
Added Net: Name=NetR5_1
Added Pin To Net: NetName=NetR5_2 Pin=R5-2
Added Pin To Net: NetName=NetR5_2 Pin=R6-1
Added Pin To Net: NetName=NetR5_2 Pin=U3-6
Added Net: Name=NetR5_2
Added Pin To Net: NetName=NetR7_1 Pin=R7-1
Added Pin To Net: NetName=NetR7_1 Pin=VT6-3
Added Net: Name=NetR7_1
Added Pin To Net: NetName=NetR7_2 Pin=R7-2
Added Pin To Net: NetName=NetR7_2 Pin=X14-1
Added Net: Name=NetR7_2
Added Pin To Net: NetName=NetR8_1 Pin=R8-1
Added Pin To Net: NetName=NetR8_1 Pin=VT2-3
Added Net: Name=NetR8_1
Added Pin To Net: NetName=NetR8_2 Pin=R8-2
Added Pin To Net: NetName=NetR8_2 Pin=X11-1
Added Net: Name=NetR8_2
Added Pin To Net: NetName=NetR9_1 Pin=R9-1
Added Pin To Net: NetName=NetR9_1 Pin=VT5-3
Added Net: Name=NetR9_1
Added Pin To Net: NetName=NetR9_2 Pin=R9-2
Added Pin To Net: NetName=NetR9_2 Pin=X13-1
Added Net: Name=NetR9_2
Added Pin To Net: NetName=NetR10_1 Pin=R10-1
Added Pin To Net: NetName=NetR10_1 Pin=VT3-3
Added Net: Name=NetR10_1
Added Pin To Net: NetName=NetR10_2 Pin=R10-2
Added Pin To Net: NetName=NetR10_2 Pin=X12-1
Added Net: Name=NetR10_2
Added Pin To Net: NetName=NetR11_1 Pin=R11-1
Added Pin To Net: NetName=NetR11_1 Pin=VT4-3
Added Net: Name=NetR11_1
Added Pin To Net: NetName=NetR11_2 Pin=R11-2
Added Pin To Net: NetName=NetR11_2 Pin=X10-1
Added Net: Name=NetR11_2
Added Pin To Net: NetName=NetR12_1 Pin=R12-1
Added Pin To Net: NetName=NetR12_1 Pin=U3-26
Added Pin To Net: NetName=NetR12_1 Pin=VD1-K
Added Net: Name=NetR12_1
Added Pin To Net: NetName=NetR12_2 Pin=R12-2
Added Pin To Net: NetName=NetR12_2 Pin=VD1-A
Added Pin To Net: NetName=NetR12_2 Pin=VT2-1
Added Net: Name=NetR12_2
Added Pin To Net: NetName=NetR13_1 Pin=R13-1
Added Pin To Net: NetName=NetR13_1 Pin=U3-25
Added Pin To Net: NetName=NetR13_1 Pin=VD2-K
Added Net: Name=NetR13_1
Added Pin To Net: NetName=NetR13_2 Pin=R13-2
Added Pin To Net: NetName=NetR13_2 Pin=VD2-A
Added Pin To Net: NetName=NetR13_2 Pin=VT3-1
Added Net: Name=NetR13_2
Added Pin To Net: NetName=NetR14_1 Pin=R14-1
Added Pin To Net: NetName=NetR14_1 Pin=U3-15
Added Pin To Net: NetName=NetR14_1 Pin=VD3-K
Added Net: Name=NetR14_1
Added Pin To Net: NetName=NetR14_2 Pin=R14-2
Added Pin To Net: NetName=NetR14_2 Pin=VD3-A
Added Pin To Net: NetName=NetR14_2 Pin=VT4-1
Added Net: Name=NetR14_2
Added Pin To Net: NetName=NetR15_1 Pin=R15-1
Added Pin To Net: NetName=NetR15_1 Pin=U3-13
Added Pin To Net: NetName=NetR15_1 Pin=VD4-K
Added Net: Name=NetR15_1
Added Pin To Net: NetName=NetR15_2 Pin=R15-2
Added Pin To Net: NetName=NetR15_2 Pin=VD4-A
Added Pin To Net: NetName=NetR15_2 Pin=VT5-1
Added Net: Name=NetR15_2
Added Pin To Net: NetName=NetR16_1 Pin=R16-1
Added Pin To Net: NetName=NetR16_1 Pin=U3-21
Added Pin To Net: NetName=NetR16_1 Pin=VD5-K
Added Net: Name=NetR16_1
Added Pin To Net: NetName=NetR16_2 Pin=R16-2
Added Pin To Net: NetName=NetR16_2 Pin=VD5-A
Added Pin To Net: NetName=NetR16_2 Pin=VT6-1
Added Net: Name=NetR16_2
Added Pin To Net: NetName=NetR17_1 Pin=R17-1
Added Pin To Net: NetName=NetR17_1 Pin=VT9-3
Added Net: Name=NetR17_1
Added Pin To Net: NetName=NetR17_2 Pin=R17-2
Added Pin To Net: NetName=NetR17_2 Pin=X12-2
Added Net: Name=NetR17_2
Added Pin To Net: NetName=NetR18_1 Pin=R18-1
Added Pin To Net: NetName=NetR18_1 Pin=VT7-3
Added Net: Name=NetR18_1
Added Pin To Net: NetName=NetR18_2 Pin=R18-2
Added Pin To Net: NetName=NetR18_2 Pin=X10-2
Added Net: Name=NetR18_2
Added Pin To Net: NetName=NetR19_1 Pin=R19-1
Added Pin To Net: NetName=NetR19_1 Pin=VT11-3
Added Net: Name=NetR19_1
Added Pin To Net: NetName=NetR19_2 Pin=R19-2
Added Pin To Net: NetName=NetR19_2 Pin=X14-2
Added Net: Name=NetR19_2
Added Pin To Net: NetName=NetR20_1 Pin=R20-1
Added Pin To Net: NetName=NetR20_1 Pin=VT10-3
Added Net: Name=NetR20_1
Added Pin To Net: NetName=NetR20_2 Pin=R20-2
Added Pin To Net: NetName=NetR20_2 Pin=X13-2
Added Net: Name=NetR20_2
Added Pin To Net: NetName=NetR21_1 Pin=R21-1
Added Pin To Net: NetName=NetR21_1 Pin=VT8-3
Added Net: Name=NetR21_1
Added Pin To Net: NetName=NetR21_2 Pin=R21-2
Added Pin To Net: NetName=NetR21_2 Pin=X11-2
Added Net: Name=NetR21_2
Added Pin To Net: NetName=NetR22_1 Pin=R22-1
Added Pin To Net: NetName=NetR22_1 Pin=U3-16
Added Pin To Net: NetName=NetR22_1 Pin=VD6-K
Added Net: Name=NetR22_1
Added Pin To Net: NetName=NetR22_2 Pin=R22-2
Added Pin To Net: NetName=NetR22_2 Pin=VD6-A
Added Pin To Net: NetName=NetR22_2 Pin=VT7-1
Added Net: Name=NetR22_2
Added Pin To Net: NetName=NetR23_1 Pin=R23-1
Added Pin To Net: NetName=NetR23_1 Pin=U3-27
Added Pin To Net: NetName=NetR23_1 Pin=VD7-K
Added Net: Name=NetR23_1
Added Pin To Net: NetName=NetR23_2 Pin=R23-2
Added Pin To Net: NetName=NetR23_2 Pin=VD7-A
Added Pin To Net: NetName=NetR23_2 Pin=VT8-1
Added Net: Name=NetR23_2
Added Pin To Net: NetName=NetR24_1 Pin=R24-1
Added Pin To Net: NetName=NetR24_1 Pin=U3-24
Added Pin To Net: NetName=NetR24_1 Pin=VD8-K
Added Net: Name=NetR24_1
Added Pin To Net: NetName=NetR24_2 Pin=R24-2
Added Pin To Net: NetName=NetR24_2 Pin=VD8-A
Added Pin To Net: NetName=NetR24_2 Pin=VT9-1
Added Net: Name=NetR24_2
Added Pin To Net: NetName=NetR25_1 Pin=R25-1
Added Pin To Net: NetName=NetR25_1 Pin=U3-14
Added Pin To Net: NetName=NetR25_1 Pin=VD9-K
Added Net: Name=NetR25_1
Added Pin To Net: NetName=NetR25_2 Pin=R25-2
Added Pin To Net: NetName=NetR25_2 Pin=VD9-A
Added Pin To Net: NetName=NetR25_2 Pin=VT10-1
Added Net: Name=NetR25_2
Added Pin To Net: NetName=NetR26_1 Pin=R26-1
Added Pin To Net: NetName=NetR26_1 Pin=U3-23
Added Pin To Net: NetName=NetR26_1 Pin=VD10-K
Added Net: Name=NetR26_1
Added Pin To Net: NetName=NetR26_2 Pin=R26-2
Added Pin To Net: NetName=NetR26_2 Pin=VD10-A
Added Pin To Net: NetName=NetR26_2 Pin=VT11-1
Added Net: Name=NetR26_2
Added Pin To Net: NetName=NetR27_1 Pin=R27-1
Added Pin To Net: NetName=NetR27_1 Pin=VT12-3
Added Net: Name=NetR27_1
Added Pin To Net: NetName=NetR27_2 Pin=R27-2
Added Pin To Net: NetName=NetR27_2 Pin=X14-3
Added Net: Name=NetR27_2
Added Pin To Net: NetName=NetR28_1 Pin=R28-1
Added Pin To Net: NetName=NetR28_1 Pin=R29-1
Added Pin To Net: NetName=NetR28_1 Pin=R30-1
Added Pin To Net: NetName=NetR28_1 Pin=R31-1
Added Pin To Net: NetName=NetR28_1 Pin=VT14-3
Added Net: Name=NetR28_1
Added Pin To Net: NetName=NetR28_2 Pin=R28-2
Added Pin To Net: NetName=NetR28_2 Pin=X10-3
Added Net: Name=NetR28_2
Added Pin To Net: NetName=NetR29_2 Pin=R29-2
Added Pin To Net: NetName=NetR29_2 Pin=X11-3
Added Net: Name=NetR29_2
Added Pin To Net: NetName=NetR30_2 Pin=R30-2
Added Pin To Net: NetName=NetR30_2 Pin=X12-3
Added Net: Name=NetR30_2
Added Pin To Net: NetName=NetR31_2 Pin=R31-2
Added Pin To Net: NetName=NetR31_2 Pin=X13-3
Added Net: Name=NetR31_2
Added Pin To Net: NetName=NetR32_1 Pin=R32-1
Added Pin To Net: NetName=NetR32_1 Pin=U3-22
Added Pin To Net: NetName=NetR32_1 Pin=VD11-K
Added Net: Name=NetR32_1
Added Pin To Net: NetName=NetR32_2 Pin=R32-2
Added Pin To Net: NetName=NetR32_2 Pin=VD11-A
Added Pin To Net: NetName=NetR32_2 Pin=VT12-1
Added Net: Name=NetR32_2
Added Pin To Net: NetName=NetR33_1 Pin=R33-1
Added Pin To Net: NetName=NetR33_1 Pin=X17-2
Added Net: Name=NetR33_1
Added Pin To Net: NetName=NetR33_2 Pin=R33-2
Added Pin To Net: NetName=NetR33_2 Pin=VT13-3
Added Net: Name=NetR33_2
Added Pin To Net: NetName=NetR34_1 Pin=R34-1
Added Pin To Net: NetName=NetR34_1 Pin=U3-8
Added Pin To Net: NetName=NetR34_1 Pin=VD12-K
Added Net: Name=NetR34_1
Added Pin To Net: NetName=NetR34_2 Pin=R34-2
Added Pin To Net: NetName=NetR34_2 Pin=VD12-A
Added Pin To Net: NetName=NetR34_2 Pin=VT13-1
Added Net: Name=NetR34_2
Added Pin To Net: NetName=NetR35_1 Pin=R35-1
Added Pin To Net: NetName=NetR35_1 Pin=U3-32
Added Pin To Net: NetName=NetR35_1 Pin=VD13-K
Added Net: Name=NetR35_1
Added Pin To Net: NetName=NetR35_2 Pin=R35-2
Added Pin To Net: NetName=NetR35_2 Pin=VD13-A
Added Pin To Net: NetName=NetR35_2 Pin=VT14-1
Added Net: Name=NetR35_2
Added Pin To Net: NetName=NetR40_2 Pin=R40-2
Added Pin To Net: NetName=NetR40_2 Pin=R43-2
Added Pin To Net: NetName=NetR40_2 Pin=U3-5
Added Net: Name=NetR40_2
Added Pin To Net: NetName=NetU2_1 Pin=U2-1
Added Pin To Net: NetName=NetU2_1 Pin=U2-2
Added Pin To Net: NetName=NetU2_1 Pin=X5-1
Added Net: Name=NetU2_1
Added Pin To Net: NetName=NetU2_3 Pin=U2-3
Added Pin To Net: NetName=NetU2_3 Pin=U2-4
Added Pin To Net: NetName=NetU2_3 Pin=X5-2
Added Net: Name=NetU2_3
Added Pin To Net: NetName=NetU3_34 Pin=U3-34
Added Pin To Net: NetName=NetU3_34 Pin=X29-1
Added Net: Name=NetU3_34
Added Pin To Net: NetName=NetU3_35 Pin=U3-35
Added Pin To Net: NetName=NetU3_35 Pin=X29-2
Added Net: Name=NetU3_35
Added Pin To Net: NetName=VCC Pin=C8-1
Added Pin To Net: NetName=VCC Pin=DA6-4
Added Pin To Net: NetName=VCC Pin=DA7-4
Added Pin To Net: NetName=VCC Pin=DA8-4
Added Pin To Net: NetName=VCC Pin=DA9-4
Added Pin To Net: NetName=VCC Pin=DA10-4
Added Pin To Net: NetName=VCC Pin=DD1-1
Added Pin To Net: NetName=VCC Pin=DD1-2
Added Pin To Net: NetName=VCC Pin=DD2-1
Added Pin To Net: NetName=VCC Pin=DD2-2
Added Pin To Net: NetName=VCC Pin=VD15-K
Added Pin To Net: NetName=VCC Pin=VD16-K
Added Pin To Net: NetName=VCC Pin=VD19-K
Added Pin To Net: NetName=VCC Pin=VD20-K
Added Pin To Net: NetName=VCC Pin=VD21-K
Added Pin To Net: NetName=VCC Pin=X31-1
Added Pin To Net: NetName=VCC Pin=X32-1
Added Pin To Net: NetName=VCC Pin=X33-1
Added Pin To Net: NetName=VCC Pin=X34-1
Added Pin To Net: NetName=VCC Pin=X35-1
Added Pin To Net: NetName=VCC Pin=X36-1
Added Net: Name=VCC
Added Class: Name=IN_PIN
Added Class: Name=OUT_MOT
Added Class: Name=OUT_RELE
Added Class: Name=PWR_IN
Added Class: Name=STM
Added Class: Name=USB
Added Room: Name=IN_PIN
Added Room: Name=OUT_MOT
Added Room: Name=OUT_RELE
Added Room: Name=PWR_IN
Added Room: Name=STM
Added Room: Name=USB
