Change Component Footprint: Designator=C3 Old Footprint=C_0805 New Footprint=C_1210
Change Component Footprint: Designator=C43 Old Footprint=C_0805 New Footprint=C_1210
Change Component Footprint: Designator=R48 Old Footprint=R_1206 New Footprint=R_0603
Change Component Footprint: Designator=R49 Old Footprint=R_1206 New Footprint=R_0603
Change Component Footprint: Designator=R47 Old Footprint=R_1206 New Footprint=R_0805
Change Component Comment: Designator=R1 Old Comment==Value New Comment=?K
Change Component Comment: Designator=C5 Old Comment==Value New Comment=? ÏÍ‘
Change Component Comment: Designator=C6 Old Comment==Value New Comment=? ÏÍ‘
Change Component Comment: Designator=R7 Old Comment==Value New Comment=?K
Change Component Comment: Designator=R8 Old Comment==Value New Comment=?K
Change Component Comment: Designator=R16 Old Comment==Value New Comment=?K
Change Component Comment: Designator=R17 Old Comment==Value New Comment=?K
Change Component Comment: Designator=R4 Old Comment==Value New Comment=?K
Change Component Comment: Designator=R5 Old Comment==Value New Comment=?K
Change Component Comment: Designator=R13 Old Comment==Value New Comment=?K
Change Component Comment: Designator=R14 Old Comment==Value New Comment=?K
Change Component Comment: Designator=R51 Old Comment==Value New Comment=?K
Change Component Comment: Designator=R46 Old Comment=5.1K New Comment=Value
Change Component Comment: Designator=R47 Old Comment==Value New Comment=?K
Change Component Comment: Designator=R48 Old Comment==Value New Comment=?K
Change Component Comment: Designator=R49 Old Comment==Value New Comment=?K
Change Component Comment: Designator=R50 Old Comment==Value New Comment=?K
Change Component Comment: Designator=R6 Old Comment==Value New Comment=100
Change Component Comment: Designator=R20 Old Comment==Value New Comment=?K
Change Component Comment: Designator=R24 Old Comment==Value New Comment=?K
Change Component Comment: Designator=R25 Old Comment==Value New Comment=?K
Change Component Comment: Designator=R26 Old Comment==Value New Comment=?K
Change Component Comment: Designator=R28 Old Comment==Value New Comment=?K
Change Component Comment: Designator=R30 Old Comment==Value New Comment=?K
Change Component Comment: Designator=R34 Old Comment==Value New Comment=?K
Change Component Comment: Designator=R36 Old Comment==Value New Comment=?K
Change Component Comment: Designator=R37 Old Comment==Value New Comment=?K
Change Component Comment: Designator=R38 Old Comment==Value New Comment=?K
Change Component Comment: Designator=R40 Old Comment==Value New Comment=?K
Change Component Comment: Designator=R2 Old Comment==Value New Comment=?K
Change Component Comment: Designator=R3 Old Comment==Value New Comment=?K
Change Component Comment: Designator=R9 Old Comment==Value New Comment=?K
Change Component Comment: Designator=R10 Old Comment==Value New Comment=?K
Change Component Comment: Designator=R19 Old Comment==Value New Comment=?K
Change Component Comment: Designator=R21 Old Comment==Value New Comment=?K
Change Component Comment: Designator=R22 Old Comment==Value New Comment=?K
Change Component Comment: Designator=R23 Old Comment==Value New Comment=?K
Change Component Comment: Designator=R27 Old Comment==Value New Comment=?K
Change Component Comment: Designator=R29 Old Comment==Value New Comment=?K
Change Component Comment: Designator=R31 Old Comment==Value New Comment=?K
Change Component Comment: Designator=R32 Old Comment==Value New Comment=?K
Change Component Comment: Designator=R33 Old Comment==Value New Comment=?K
Change Component Comment: Designator=R35 Old Comment==Value New Comment=?K
Change Component Comment: Designator=R39 Old Comment==Value New Comment=?K
Change Component Comment: Designator=R41 Old Comment==Value New Comment=?K
Change Component Comment: Designator=R42 Old Comment==Value New Comment=?K
Change Component Comment: Designator=R43 Old Comment==Value New Comment=?K
Change Component Comment: Designator=R44 Old Comment==Value New Comment=?K
Change Component Comment: Designator=R45 Old Comment==Value New Comment=?K
Change Component Comment: Designator=DA1 Old Comment=KPC357NT0C New Comment=KPC357NT
Change Component Comment: Designator=DA2 Old Comment=KPC357NT0C New Comment=KPC357NT
Change Component Comment: Designator=DA3 Old Comment=KPC357NT0C New Comment=KPC357NT
Change Component Comment: Designator=DA4 Old Comment=KPC357NT0C New Comment=KPC357NT
Change Component Comment: Designator=DA16 Old Comment=KPC357NT0C New Comment=KPC357NT
Change Component Comment: Designator=DA17 Old Comment=KPC357NT0C New Comment=KPC357NT
Change Component Comment: Designator=DA18 Old Comment=KPC357NT0C New Comment=KPC357NT
Change Component Comment: Designator=DA19 Old Comment=KPC357NT0C New Comment=KPC357NT
Change Component Comment: Designator=DA20 Old Comment=KPC357NT0C New Comment=KPC357NT
