Change Component Designator: Old Designator=DA5 New Designator=DA1
Change Component Designator: Old Designator=DA5 New Designator=DA2
Change Component Designator: Old Designator=DA5 New Designator=DA3
Change Component Designator: Old Designator=DA5 New Designator=DA4
Change Component Designator: Old Designator=Q1 New Designator=Q2
Change Component Designator: Old Designator=Q1 New Designator=Q3
Change Component Designator: Old Designator=Q1 New Designator=Q4
Change Component Designator: Old Designator=R5 New Designator=R2
Change Component Designator: Old Designator=R5 New Designator=R3
Change Component Designator: Old Designator=R5 New Designator=R4
Change Component Designator: Old Designator=R5 New Designator=R7
Change Component Designator: Old Designator=R5 New Designator=R8
Change Component Designator: Old Designator=R5 New Designator=R9
Change Component Designator: Old Designator=R5 New Designator=R10
Change Component Designator: Old Designator=R5 New Designator=R13
Change Component Designator: Old Designator=R5 New Designator=R14
Change Component Designator: Old Designator=R5 New Designator=R16
Change Component Designator: Old Designator=R5 New Designator=R17
Change Component Designator: Old Designator=R9 New Designator=R6
Change Component Designator: Old Designator=R10 New Designator=R1
Change Component Designator: Old Designator=R13 New Designator=R15
Change Component Designator: Old Designator=R14 New Designator=R18
Change Component Designator: Old Designator=VD1 New Designator=VD2
Change Component Designator: Old Designator=VD1 New Designator=VD3
Change Component Designator: Old Designator=VD1 New Designator=VD4
Change Component Designator: Old Designator=VD1 New Designator=VD5
Change Component Designator: Old Designator=VD2 New Designator=VD1
Change Component Designator: Old Designator=X1 New Designator=X2
Change Component Designator: Old Designator=X1 New Designator=X3
Change Component Designator: Old Designator=X1 New Designator=X4
Change Component Designator: Old Designator=X1 New Designator=X5
Change Component Designator: Old Designator=X1 New Designator=X2
Change Component Designator: Old Designator=X1 New Designator=X3
Change Component Designator: Old Designator=X1 New Designator=X4
Change Component Designator: Old Designator=X1 New Designator=X5
