Change Component Designator: Old Designator=A1 New Designator=A?
Change Component Designator: Old Designator=A2 New Designator=A?
Change Component Designator: Old Designator=C5 New Designator=C?
Change Component Designator: Old Designator=C6 New Designator=C?
Change Component Designator: Old Designator=C50 New Designator=C?
Change Component Designator: Old Designator=C51 New Designator=C?
Change Component Designator: Old Designator=C52 New Designator=C?
Change Component Designator: Old Designator=J1 New Designator=J?
Change Component Designator: Old Designator=R11 New Designator=R?
Change Component Designator: Old Designator=R12 New Designator=R?
Change Component Designator: Old Designator=R15 New Designator=R?
Change Component Designator: Old Designator=R18 New Designator=R?
Change Component Designator: Old Designator=R46 New Designator=R?
Change Component Designator: Old Designator=R47 New Designator=R?
Change Component Designator: Old Designator=U4 New Designator=U?
Change Component Designator: Old Designator=U5 New Designator=U?
Change Component Designator: Old Designator=VT2 New Designator=VT?
Change Component Designator: Old Designator=X16 New Designator=X?
Change Component Designator: Old Designator=X16 New Designator=X?
Change Component Designator: Old Designator=X17 New Designator=X?
Change Component Designator: Old Designator=X17 New Designator=X?
Change Component Designator: Old Designator=X18 New Designator=X?
Change Component Designator: Old Designator=X18 New Designator=X?
Change Component Designator: Old Designator=X19 New Designator=X?
Change Component Designator: Old Designator=X19 New Designator=X?
Change Component Designator: Old Designator=X20 New Designator=X?
Change Component Designator: Old Designator=X20 New Designator=X?
Change Component Designator: Old Designator=X22 New Designator=X?
Change Component Designator: Old Designator=X22 New Designator=X?
Change Component Designator: Old Designator=X23 New Designator=X?
Change Component Designator: Old Designator=X23 New Designator=X?
Change Component Designator: Old Designator=X24 New Designator=X?
Change Component Designator: Old Designator=X24 New Designator=X?
Change Component Designator: Old Designator=X25 New Designator=X?
Change Component Designator: Old Designator=X25 New Designator=X?
