Replace Part DA5 KPC357NT in D:\Project AD16\stanok\Sheet2.SchDoc with KPC357NT from LEDendIND.SchLib
Replace Part DA6 KPC357NT in D:\Project AD16\stanok\Sheet2.SchDoc with KPC357NT from LEDendIND.SchLib
Replace Part DA7 KPC357NT in D:\Project AD16\stanok\Sheet2.SchDoc with KPC357NT from LEDendIND.SchLib
Replace Part DA8 KPC357NT in D:\Project AD16\stanok\Sheet2.SchDoc with KPC357NT from LEDendIND.SchLib
Replace Part J1 USB-B-S-X-X-TH in D:\Project AD16\stanok\Sheet2.SchDoc with USB-B-S-X-X-TH from USB-B-S-X-X-TH.IntLib
Replace Part R5 Резистор 1206 in D:\Project AD16\stanok\Sheet2.SchDoc with Резистор 1206 from Res_end_Cap.SchLib
Replace Part R6 Резистор 1206 in D:\Project AD16\stanok\Sheet2.SchDoc with Резистор 1206 from Res_end_Cap.SchLib
Replace Part R7 Резистор 1206 in D:\Project AD16\stanok\Sheet2.SchDoc with Резистор 1206 from Res_end_Cap.SchLib
Replace Part R8 Резистор 1206 in D:\Project AD16\stanok\Sheet2.SchDoc with Резистор 1206 from Res_end_Cap.SchLib
Replace Part R9 Резистор 1206 in D:\Project AD16\stanok\Sheet2.SchDoc with Резистор 1206 from Res_end_Cap.SchLib
Replace Part R10 Резистор 1206 in D:\Project AD16\stanok\Sheet2.SchDoc with Резистор 1206 from Res_end_Cap.SchLib
Replace Part R11 Резистор 1206 in D:\Project AD16\stanok\Sheet2.SchDoc with Резистор 1206 from Res_end_Cap.SchLib
Replace Part R12 Резистор 1206 in D:\Project AD16\stanok\Sheet2.SchDoc with Резистор 1206 from Res_end_Cap.SchLib
Replace Part R13 Резистор 1206 in D:\Project AD16\stanok\Sheet2.SchDoc with Резистор 1206 from Res_end_Cap.SchLib
Replace Part R14 Резистор 1206 in D:\Project AD16\stanok\Sheet2.SchDoc with Резистор 1206 from Res_end_Cap.SchLib
Replace Part VD2 SMA400* in D:\Project AD16\stanok\Sheet2.SchDoc with SMA400* from Диоды и транзисторы.IntLib
Replace Part VT1 2N7002.215 in D:\Project AD16\stanok\Sheet2.SchDoc with 2N7002.215 from Диоды и транзисторы.IntLib
Replace Part VT2 BC857 in D:\Project AD16\stanok\Sheet2.SchDoc with BC857 from Диоды и транзисторы.IntLib
Replace Part X1 DG508V-02 in D:\Project AD16\stanok\Sheet2.SchDoc with DG508V-02 from Klemniki.SchLib
Replace Part X1 DG508V-02 in D:\Project AD16\stanok\Sheet2.SchDoc with DG508V-02 from Klemniki.SchLib
