Change Component Designator: Old Designator=C1 New Designator=C4
Change Component Designator: Old Designator=C? New Designator=C1
Change Component Designator: Old Designator=C? New Designator=C2
Change Component Designator: Old Designator=C? New Designator=C3
Change Component Designator: Old Designator=DA1 New Designator=DA19
Change Component Designator: Old Designator=DA2 New Designator=DA16
Change Component Designator: Old Designator=DA3 New Designator=DA18
Change Component Designator: Old Designator=DA4 New Designator=DA17
Change Component Designator: Old Designator=R1 New Designator=R44
Change Component Designator: Old Designator=R2 New Designator=R41
Change Component Designator: Old Designator=R3 New Designator=R43
Change Component Designator: Old Designator=R4 New Designator=R42
Change Component Designator: Old Designator=U New Designator=U1
Change Component Designator: Old Designator=VD1 New Designator=VD6
Change Component Designator: Old Designator=X2 New Designator=X13
Change Component Designator: Old Designator=X2 New Designator=X12
Change Component Designator: Old Designator=X3 New Designator=X15
Change Component Designator: Old Designator=X3 New Designator=X14
Change Component Designator: Old Designator=X4 New Designator=X12
Change Component Designator: Old Designator=X4 New Designator=X11
Change Component Designator: Old Designator=X5 New Designator=X14
Change Component Designator: Old Designator=X5 New Designator=X13
