Change Component Designator: Old Designator=C? New Designator=C6
Change Component Designator: Old Designator=C? New Designator=C7
Change Component Designator: Old Designator=DA? New Designator=DA1
Change Component Designator: Old Designator=DA? New Designator=DA2
Change Component Designator: Old Designator=DA? New Designator=DA3
Change Component Designator: Old Designator=DA? New Designator=DA4
Change Component Designator: Old Designator=DA? New Designator=DA5
Change Component Designator: Old Designator=KN? New Designator=KN1
Change Component Designator: Old Designator=R? New Designator=R36
Change Component Designator: Old Designator=R? New Designator=R37
Change Component Designator: Old Designator=R? New Designator=R38
Change Component Designator: Old Designator=R? New Designator=R39
Change Component Designator: Old Designator=R? New Designator=R40
Change Component Designator: Old Designator=R? New Designator=R41
Change Component Designator: Old Designator=R? New Designator=R42
Change Component Designator: Old Designator=R? New Designator=R43
Change Component Designator: Old Designator=R? New Designator=R44
Change Component Designator: Old Designator=R? New Designator=R45
Change Component Designator: Old Designator=R? New Designator=R46
Change Component Designator: Old Designator=R? New Designator=R47
Change Component Designator: Old Designator=R? New Designator=R48
Change Component Designator: Old Designator=R? New Designator=R49
Change Component Designator: Old Designator=R? New Designator=R50
Change Component Designator: Old Designator=R? New Designator=R51
Change Component Designator: Old Designator=U? New Designator=U3
Change Component Designator: Old Designator=VD? New Designator=VD14
Change Component Designator: Old Designator=X? New Designator=X24
Change Component Designator: Old Designator=X? New Designator=X25
Change Component Designator: Old Designator=X? New Designator=X26
Change Component Designator: Old Designator=X? New Designator=X27
Change Component Designator: Old Designator=X? New Designator=X28
Change Component Designator: Old Designator=X? New Designator=X29
Change Component Designator: Old Designator=X? New Designator=X30
Change Component Designator: Old Designator=X? New Designator=X24
Change Component Designator: Old Designator=X? New Designator=X25
Change Component Designator: Old Designator=X? New Designator=X26
Change Component Designator: Old Designator=X? New Designator=X27
Change Component Designator: Old Designator=X? New Designator=X28
Change Component Designator: Old Designator=X? New Designator=X29
Change Component Designator: Old Designator=X? New Designator=X30
