Change Component Designator: Old Designator=C6 New Designator=C?
Change Component Designator: Old Designator=C7 New Designator=C?
Change Component Designator: Old Designator=DA1 New Designator=DA?
Change Component Designator: Old Designator=DA2 New Designator=DA?
Change Component Designator: Old Designator=DA3 New Designator=DA?
Change Component Designator: Old Designator=DA4 New Designator=DA?
Change Component Designator: Old Designator=DA5 New Designator=DA?
Change Component Designator: Old Designator=KN1 New Designator=KN?
Change Component Designator: Old Designator=R36 New Designator=R?
Change Component Designator: Old Designator=R37 New Designator=R?
Change Component Designator: Old Designator=R38 New Designator=R?
Change Component Designator: Old Designator=R39 New Designator=R?
Change Component Designator: Old Designator=R40 New Designator=R?
Change Component Designator: Old Designator=R41 New Designator=R?
Change Component Designator: Old Designator=R42 New Designator=R?
Change Component Designator: Old Designator=R43 New Designator=R?
Change Component Designator: Old Designator=R44 New Designator=R?
Change Component Designator: Old Designator=R45 New Designator=R?
Change Component Designator: Old Designator=R46 New Designator=R?
Change Component Designator: Old Designator=R47 New Designator=R?
Change Component Designator: Old Designator=R48 New Designator=R?
Change Component Designator: Old Designator=R49 New Designator=R?
Change Component Designator: Old Designator=R50 New Designator=R?
Change Component Designator: Old Designator=R51 New Designator=R?
Change Component Designator: Old Designator=U3 New Designator=U?
Change Component Designator: Old Designator=VD14 New Designator=VD?
Change Component Designator: Old Designator=X24 New Designator=X?
Change Component Designator: Old Designator=X24 New Designator=X?
Change Component Designator: Old Designator=X25 New Designator=X?
Change Component Designator: Old Designator=X25 New Designator=X?
Change Component Designator: Old Designator=X26 New Designator=X?
Change Component Designator: Old Designator=X26 New Designator=X?
Change Component Designator: Old Designator=X27 New Designator=X?
Change Component Designator: Old Designator=X27 New Designator=X?
Change Component Designator: Old Designator=X28 New Designator=X?
Change Component Designator: Old Designator=X28 New Designator=X?
Change Component Designator: Old Designator=X29 New Designator=X?
Change Component Designator: Old Designator=X29 New Designator=X?
Change Component Designator: Old Designator=X30 New Designator=X?
Change Component Designator: Old Designator=X30 New Designator=X?
