Removed Pin From Net: NetName=5V Pin=C2-1
Removed Pin From Net: NetName=5V Pin=C3-1
Removed Pin From Net: NetName=VCC Pin=DD1-1
Removed Pin From Net: NetName=VCC Pin=DD1-2
Removed Pin From Net: NetName=GND Pin=DD1-3
Removed Pin From Net: NetName=GND Pin=DD1-4
Removed Pin From Net: NetName=5V Pin=DD1-5
Removed Pin From Net: NetName=5V Pin=DD1-6
Removed Pin From Net: NetName=GND Pin=DD1-7
Removed Pin From Net: NetName=GND Pin=DD1-8
Removed Pin From Net: NetName=VCC Pin=DD2-1
Removed Pin From Net: NetName=VCC Pin=DD2-2
Removed Pin From Net: NetName=GND Pin=DD2-3
Removed Pin From Net: NetName=GND Pin=DD2-4
Removed Pin From Net: NetName=3V Pin=DD2-5
Removed Pin From Net: NetName=3V Pin=DD2-6
Removed Pin From Net: NetName=GND Pin=DD2-7
Removed Pin From Net: NetName=GND Pin=DD2-8
Change Component DesignItemId : Designator=DD1 Old DesignItemId=LM2596 New DesignItemId=LD1117S
Change Component DesignItemId : Designator=DD2 Old DesignItemId=LM2596 New DesignItemId=LD1117S
Change Component Footprint: Designator=C2 Old Footprint=C_12.5x5 New Footprint=C_10x5
Change Component Footprint: Designator=C45 Old Footprint=C_12.5x5 New Footprint=C_10x5
Change Component Footprint: Designator=DD1 Old Footprint=LM2596 New Footprint=SOT223
Change Component Footprint: Designator=DD2 Old Footprint=LM2596 New Footprint=SOT223
Change Component Comment : Designator=DD1 Old Comment=LM2596 New Comment=LD1117S
Change Component Comment : Designator=DD2 Old Comment=LM2596 New Comment=LD1117S
Change Component Description : Designator=U4 Old Description=EEPROM Memory IC 256Kb _32K x 8_ IA?C 1MHz 550ns 8-SOIC New Description=EEPROM Memory IC 256Kb _32K x 8_ IA?C 1MHz 550ns 8-SOIC
Added Component: Designator=C1(C_10x5)
Added Pin To Net: NetName=VCC Pin=C1-1
Added Pin To Net: NetName=GND Pin=C1-2
Added Pin To Net: NetName=GND Pin=DD1-1
Added Pin To Net: NetName=VCC Pin=DD1-3
Added Pin To Net: NetName=GND Pin=DD2-1
Added Pin To Net: NetName=3V Pin=DD2-2
Added Pin To Net: NetName=VCC Pin=DD2-3
Added Pin To Net: NetName=3V Pin=DD2-4
Added Pin To Net: NetName=NetC2_1 Pin=C2-1
Added Pin To Net: NetName=NetC2_1 Pin=C3-1
Added Pin To Net: NetName=NetC2_1 Pin=DD1-2
Added Pin To Net: NetName=NetC2_1 Pin=DD1-4
Added Net: Name=NetC2_1
Added Member To Class: ClassName=STM Member=Component C1 1000 ÏÍ‘
Added Member To Class: ClassName=OUT Member=Component U3 MOD_PCF8574T
