Removed Pin From Net: NetName=NetA2_12 Pin=X24-1
Removed Pin From Net: NetName=NetA2_11 Pin=X24-2
Removed Pin From Net: NetName=NetA2_10 Pin=X25-1
Removed Pin From Net: NetName=NetA2_9 Pin=X25-2
Added Component: Designator=A1(SOIC127P1030X265-16N)
Added Component: Designator=A2(SOIC127P1030X265-16N)
Added Pin To Net: NetName=3V Pin=A1-1
Added Pin To Net: NetName=3V Pin=A1-2
Added Pin To Net: NetName=GND Pin=A1-3
Added Pin To Net: NetName=NetA1_4 Pin=A1-4
Added Pin To Net: NetName=NetA1_5 Pin=A1-5
Added Pin To Net: NetName=NetA1_6 Pin=A1-6
Added Pin To Net: NetName=NetA1_7 Pin=A1-7
Added Pin To Net: NetName=GND Pin=A1-8
Added Pin To Net: NetName=NetA1_9 Pin=A1-9
Added Pin To Net: NetName=NetA1_10 Pin=A1-10
Added Pin To Net: NetName=NetA1_11 Pin=A1-11
Added Pin To Net: NetName=NetA1_12 Pin=A1-12
Added Pin To Net: NetName=NetA1_14 Pin=A1-14
Added Pin To Net: NetName=NetA1_15 Pin=A1-15
Added Pin To Net: NetName=3V Pin=A1-16
Added Pin To Net: NetName=3V Pin=A2-1
Added Pin To Net: NetName=GND Pin=A2-2
Added Pin To Net: NetName=GND Pin=A2-3
Added Pin To Net: NetName=NetA2_4 Pin=A2-4
Added Pin To Net: NetName=NetA2_5 Pin=A2-5
Added Pin To Net: NetName=NetA2_6 Pin=A2-6
Added Pin To Net: NetName=NetA2_7 Pin=A2-7
Added Pin To Net: NetName=GND Pin=A2-8
Added Pin To Net: NetName=NetA2_9 Pin=A2-9
Added Pin To Net: NetName=NetA2_10 Pin=A2-10
Added Pin To Net: NetName=NetA2_11 Pin=A2-11
Added Pin To Net: NetName=NetA2_12 Pin=A2-12
Added Pin To Net: NetName=NetA1_14 Pin=A2-14
Added Pin To Net: NetName=NetA1_15 Pin=A2-15
Added Pin To Net: NetName=3V Pin=A2-16
Added Pin To Net: NetName=NetA2_10 Pin=X24-1
Added Pin To Net: NetName=NetA2_9 Pin=X24-2
Added Pin To Net: NetName=NetA2_12 Pin=X25-1
Added Pin To Net: NetName=NetA2_11 Pin=X25-2
Added Member To Class: ClassName=OUT Member=Component A1 PCF8574DW
Added Member To Class: ClassName=OUT Member=Component A2 PCF8574DW
